{"ts":"2019-02-28 09:55:30.345+0300","ip":"0:0:0:0:0:0:0:1","rid":"noRequestId","status":404,"cache":"-","time":27,"method":"POST","uri":"/item/create"}
{"ts":"2019-02-28 09:58:49.830+0300","ip":"0:0:0:0:0:0:0:1","rid":"noRequestId","status":404,"cache":"-","time":18,"method":"POST","uri":"/Task/create"}
{"ts":"2019-02-28 09:58:52.646+0300","ip":"0:0:0:0:0:0:0:1","rid":"noRequestId","status":404,"cache":"-","time":22,"method":"POST","uri":"/Task/create"}
{"ts":"2019-02-28 10:01:39.712+0300","ip":"0:0:0:0:0:0:0:1","rid":"noRequestId","status":404,"cache":"-","time":18,"method":"POST","uri":"/Task/create"}
{"ts":"2019-02-28 10:03:08.631+0300","ip":"0:0:0:0:0:0:0:1","rid":"noRequestId","status":200,"cache":"-","time":20,"method":"GET","uri":"/hello?name=Tim"}
{"ts":"2019-02-28 10:05:18.697+0300","ip":"0:0:0:0:0:0:0:1","rid":"noRequestId","status":404,"cache":"-","time":19,"method":"DELETE","uri":"/Task/1"}
{"ts":"2019-02-28 10:13:27.651+0300","ip":"0:0:0:0:0:0:0:1","rid":"noRequestId","status":200,"cache":"-","time":205,"method":"GET","uri":"/hello?name=Tim"}
{"ts":"2019-02-28 10:14:15.371+0300","ip":"0:0:0:0:0:0:0:1","rid":"noRequestId","status":404,"cache":"-","time":82,"method":"GET","uri":"/create/example"}
{"ts":"2019-02-28 10:14:41.885+0300","ip":"0:0:0:0:0:0:0:1","rid":"noRequestId","status":404,"cache":"-","time":18,"method":"GET","uri":"/create/example"}
{"ts":"2019-02-28 10:14:49.783+0300","ip":"0:0:0:0:0:0:0:1","rid":"noRequestId","status":404,"cache":"-","time":22,"method":"GET","uri":"/create/example"}
{"ts":"2019-02-28 10:18:09.433+0300","ip":"0:0:0:0:0:0:0:1","rid":"noRequestId","status":200,"cache":"-","time":89,"method":"GET","uri":"/hello?name=Tim"}
{"ts":"2019-02-28 10:18:11.771+0300","ip":"0:0:0:0:0:0:0:1","rid":"noRequestId","status":404,"cache":"-","time":24,"method":"PUT","uri":"/create/example"}
{"ts":"2019-02-28 10:19:46.475+0300","ip":"0:0:0:0:0:0:0:1","rid":"noRequestId","status":404,"cache":"-","time":11,"method":"PUT","uri":"/Task/create/example"}
{"ts":"2019-02-28 10:21:22.665+0300","ip":"0:0:0:0:0:0:0:1","rid":"noRequestId","status":404,"cache":"-","time":42,"method":"GET","uri":"/Task/all"}
{"ts":"2019-02-28 10:21:54.810+0300","ip":"0:0:0:0:0:0:0:1","rid":"noRequestId","status":404,"cache":"-","time":22,"method":"GET","uri":"/Task/all"}
{"ts":"2019-02-28 11:25:43.409+0300","ip":"0:0:0:0:0:0:0:1","rid":"noRequestId","status":200,"cache":"-","time":89,"method":"GET","uri":"/hello?name=Tim"}
{"ts":"2019-02-28 11:25:50.696+0300","ip":"0:0:0:0:0:0:0:1","rid":"noRequestId","status":404,"cache":"-","time":22,"method":"PUT","uri":"/Task/create/example"}
{"ts":"2019-02-28 11:34:21.369+0300","ip":"0:0:0:0:0:0:0:1","rid":"noRequestId","status":200,"cache":"-","time":83,"method":"GET","uri":"/hello?name=Tim"}
{"ts":"2019-02-28 11:34:27.322+0300","ip":"0:0:0:0:0:0:0:1","rid":"noRequestId","status":404,"cache":"-","time":22,"method":"PUT","uri":"/Task/create/example"}
{"ts":"2019-02-28 11:38:40.101+0300","ip":"0:0:0:0:0:0:0:1","rid":"noRequestId","status":200,"cache":"-","time":96,"method":"GET","uri":"/hello"}
{"ts":"2019-02-28 11:39:03.474+0300","ip":"0:0:0:0:0:0:0:1","rid":"noRequestId","status":404,"cache":"-","time":26,"method":"GET","uri":"/Task/all"}
{"ts":"2019-02-28 11:47:17.355+0300","ip":"0:0:0:0:0:0:0:1","rid":"noRequestId","status":404,"cache":"-","time":98,"method":"GET","uri":"/Task/all"}
{"ts":"2019-02-28 11:47:29.352+0300","ip":"0:0:0:0:0:0:0:1","rid":"noRequestId","status":404,"cache":"-","time":17,"method":"GET","uri":"/Task/all/"}
{"ts":"2019-02-28 12:28:48.574+0300","ip":"0:0:0:0:0:0:0:1","rid":"noRequestId","status":200,"cache":"-","time":210,"method":"GET","uri":"/hello?name=Tim"}
{"ts":"2019-02-28 12:30:24.020+0300","ip":"0:0:0:0:0:0:0:1","rid":"noRequestId","status":404,"cache":"-","time":52,"method":"PUT","uri":"/task/create/example"}
{"ts":"2019-02-28 12:32:43.943+0300","ip":"0:0:0:0:0:0:0:1","rid":"noRequestId","status":404,"cache":"-","time":18,"method":"GET","uri":"/task/all"}
{"ts":"2019-02-28 13:19:34.314+0300","ip":"0:0:0:0:0:0:0:1","rid":"noRequestId","status":200,"cache":"-","time":201,"method":"GET","uri":"/hello?name=John"}
{"ts":"2019-02-28 13:19:42.530+0300","ip":"0:0:0:0:0:0:0:1","rid":"noRequestId","status":204,"cache":"-","time":19,"method":"PUT","uri":"/task/create/example"}
{"ts":"2019-02-28 13:19:49.541+0300","ip":"0:0:0:0:0:0:0:1","rid":"noRequestId","status":200,"cache":"-","time":81,"method":"GET","uri":"/task/all"}
{"ts":"2019-02-28 13:21:27.861+0300","ip":"0:0:0:0:0:0:0:1","rid":"noRequestId","status":204,"cache":"-","time":22,"method":"DELETE","uri":"/task/1"}
{"ts":"2019-02-28 13:21:36.218+0300","ip":"0:0:0:0:0:0:0:1","rid":"noRequestId","status":200,"cache":"-","time":37,"method":"GET","uri":"/task/all"}
{"ts":"2019-02-28 13:21:48.943+0300","ip":"0:0:0:0:0:0:0:1","rid":"noRequestId","status":200,"cache":"-","time":108,"method":"POST","uri":"/task/create"}
{"ts":"2019-02-28 13:21:53.268+0300","ip":"0:0:0:0:0:0:0:1","rid":"noRequestId","status":200,"cache":"-","time":29,"method":"GET","uri":"/task/all"}
{"ts":"2019-02-28 13:29:32.524+0300","ip":"0:0:0:0:0:0:0:1","rid":"noRequestId","status":200,"cache":"-","time":264,"method":"GET","uri":"/task/all"}
{"ts":"2019-02-28 13:29:38.223+0300","ip":"0:0:0:0:0:0:0:1","rid":"noRequestId","status":204,"cache":"-","time":16,"method":"PUT","uri":"/task/create/example"}
{"ts":"2019-02-28 13:29:46.352+0300","ip":"0:0:0:0:0:0:0:1","rid":"noRequestId","status":200,"cache":"-","time":106,"method":"GET","uri":"/task/all"}
{"ts":"2019-02-28 13:30:06.011+0300","ip":"0:0:0:0:0:0:0:1","rid":"noRequestId","status":204,"cache":"-","time":23,"method":"DELETE","uri":"/task/1"}
{"ts":"2019-02-28 13:30:08.910+0300","ip":"0:0:0:0:0:0:0:1","rid":"noRequestId","status":200,"cache":"-","time":32,"method":"GET","uri":"/task/all"}
{"ts":"2019-02-28 13:30:16.374+0300","ip":"0:0:0:0:0:0:0:1","rid":"noRequestId","status":404,"cache":"-","time":53,"method":"POST","uri":"/todo/create"}
{"ts":"2019-02-28 13:30:27.126+0300","ip":"0:0:0:0:0:0:0:1","rid":"noRequestId","status":200,"cache":"-","time":133,"method":"POST","uri":"/task/create"}
{"ts":"2019-02-28 13:30:30.329+0300","ip":"0:0:0:0:0:0:0:1","rid":"noRequestId","status":200,"cache":"-","time":29,"method":"GET","uri":"/task/all"}
{"ts":"2019-02-28 14:37:37.268+0300","ip":"0:0:0:0:0:0:0:1","rid":"noRequestId","status":200,"cache":"-","time":112,"method":"GET","uri":"/hello?name=John"}
{"ts":"2019-02-28 14:37:48.730+0300","ip":"0:0:0:0:0:0:0:1","rid":"noRequestId","status":204,"cache":"-","time":11,"method":"PUT","uri":"/task/create/example"}
{"ts":"2019-02-28 14:37:58.140+0300","ip":"0:0:0:0:0:0:0:1","rid":"noRequestId","status":200,"cache":"-","time":111,"method":"GET","uri":"/task/all"}
{"ts":"2019-02-28 14:38:07.934+0300","ip":"0:0:0:0:0:0:0:1","rid":"noRequestId","status":404,"cache":"-","time":75,"method":"GET","uri":"/getTask/1"}
{"ts":"2019-02-28 14:38:46.177+0300","ip":"0:0:0:0:0:0:0:1","rid":"noRequestId","status":200,"cache":"-","time":23,"method":"GET","uri":"/task/getTask/1"}
{"ts":"2019-02-28 14:46:09.101+0300","ip":"0:0:0:0:0:0:0:1","rid":"noRequestId","status":200,"cache":"-","time":223,"method":"GET","uri":"/hello?name=John"}
{"ts":"2019-02-28 14:46:14.316+0300","ip":"0:0:0:0:0:0:0:1","rid":"noRequestId","status":204,"cache":"-","time":24,"method":"PUT","uri":"/task/create/example"}
{"ts":"2019-02-28 14:46:19.671+0300","ip":"0:0:0:0:0:0:0:1","rid":"noRequestId","status":200,"cache":"-","time":115,"method":"GET","uri":"/task/all"}
{"ts":"2019-02-28 14:46:26.731+0300","ip":"0:0:0:0:0:0:0:1","rid":"noRequestId","status":200,"cache":"-","time":17,"method":"GET","uri":"/task/1"}
{"ts":"2019-02-28 14:46:33.913+0300","ip":"0:0:0:0:0:0:0:1","rid":"noRequestId","status":204,"cache":"-","time":17,"method":"DELETE","uri":"/task/1"}
{"ts":"2019-02-28 14:46:42.852+0300","ip":"0:0:0:0:0:0:0:1","rid":"noRequestId","status":200,"cache":"-","time":126,"method":"POST","uri":"/task/create"}
{"ts":"2019-02-28 14:46:48.149+0300","ip":"0:0:0:0:0:0:0:1","rid":"noRequestId","status":204,"cache":"-","time":12,"method":"PUT","uri":"/task/2"}
{"ts":"2019-02-28 14:47:13.661+0300","ip":"0:0:0:0:0:0:0:1","rid":"noRequestId","status":200,"cache":"-","time":28,"method":"GET","uri":"/task/all"}
{"ts":"2019-02-28 14:47:41.867+0300","ip":"0:0:0:0:0:0:0:1","rid":"noRequestId","status":204,"cache":"-","time":21,"method":"DELETE","uri":"/task/clear"}
{"ts":"2019-02-28 14:47:47.421+0300","ip":"0:0:0:0:0:0:0:1","rid":"noRequestId","status":200,"cache":"-","time":20,"method":"GET","uri":"/task/all"}
{"ts":"2019-02-28 15:01:40.786+0300","ip":"0:0:0:0:0:0:0:1","rid":"noRequestId","status":204,"cache":"-","time":101,"method":"PUT","uri":"/task/create/example"}
{"ts":"2019-02-28 15:01:54.915+0300","ip":"0:0:0:0:0:0:0:1","rid":"noRequestId","status":200,"cache":"-","time":96,"method":"GET","uri":"/task/all"}
{"ts":"2019-02-28 16:30:16.221+0300","ip":"0:0:0:0:0:0:0:1","rid":"noRequestId","status":200,"cache":"-","time":198,"method":"GET","uri":"/hello?name=John"}
{"ts":"2019-02-28 16:30:21.677+0300","ip":"0:0:0:0:0:0:0:1","rid":"noRequestId","status":204,"cache":"-","time":23,"method":"PUT","uri":"/task/create/example"}
{"ts":"2019-02-28 16:30:27.173+0300","ip":"0:0:0:0:0:0:0:1","rid":"noRequestId","status":200,"cache":"-","time":120,"method":"GET","uri":"/task/all"}
{"ts":"2019-02-28 16:30:32.652+0300","ip":"0:0:0:0:0:0:0:1","rid":"noRequestId","status":200,"cache":"-","time":26,"method":"GET","uri":"/task/1"}
{"ts":"2019-02-28 16:30:37.609+0300","ip":"0:0:0:0:0:0:0:1","rid":"noRequestId","status":204,"cache":"-","time":21,"method":"DELETE","uri":"/task/1"}
{"ts":"2019-02-28 16:30:42.332+0300","ip":"0:0:0:0:0:0:0:1","rid":"noRequestId","status":200,"cache":"-","time":172,"method":"POST","uri":"/task/create"}
{"ts":"2019-02-28 16:30:46.629+0300","ip":"0:0:0:0:0:0:0:1","rid":"noRequestId","status":204,"cache":"-","time":23,"method":"PUT","uri":"/task/2"}
{"ts":"2019-02-28 16:30:54.194+0300","ip":"0:0:0:0:0:0:0:1","rid":"noRequestId","status":200,"cache":"-","time":25,"method":"GET","uri":"/task/all"}
{"ts":"2019-02-28 16:31:12.700+0300","ip":"0:0:0:0:0:0:0:1","rid":"noRequestId","status":204,"cache":"-","time":16,"method":"DELETE","uri":"/task/clear"}
{"ts":"2019-02-28 16:31:16.739+0300","ip":"0:0:0:0:0:0:0:1","rid":"noRequestId","status":200,"cache":"-","time":32,"method":"GET","uri":"/task/all"}
{"ts":"2019-02-28 19:35:20.316+0300","ip":"0:0:0:0:0:0:0:1","rid":"noRequestId","status":200,"cache":"-","time":158,"method":"GET","uri":"/hello?name=John"}
{"ts":"2019-02-28 19:35:26.039+0300","ip":"0:0:0:0:0:0:0:1","rid":"noRequestId","status":204,"cache":"-","time":24,"method":"PUT","uri":"/task/create/example"}
{"ts":"2019-02-28 19:35:31.843+0300","ip":"0:0:0:0:0:0:0:1","rid":"noRequestId","status":200,"cache":"-","time":101,"method":"GET","uri":"/task/all"}
{"ts":"2019-02-28 19:41:24.689+0300","ip":"0:0:0:0:0:0:0:1","rid":"noRequestId","status":200,"cache":"-","time":200,"method":"GET","uri":"/hello?name=John"}
{"ts":"2019-02-28 19:41:31.138+0300","ip":"0:0:0:0:0:0:0:1","rid":"noRequestId","status":204,"cache":"-","time":26,"method":"PUT","uri":"/task/create/example/5"}
{"ts":"2019-02-28 19:41:38.451+0300","ip":"0:0:0:0:0:0:0:1","rid":"noRequestId","status":200,"cache":"-","time":107,"method":"GET","uri":"/task/all"}
{"ts":"2019-02-28 19:43:19.879+0300","ip":"0:0:0:0:0:0:0:1","rid":"noRequestId","status":200,"cache":"-","time":254,"method":"GET","uri":"/task/all"}
{"ts":"2019-02-28 19:43:24.195+0300","ip":"0:0:0:0:0:0:0:1","rid":"noRequestId","status":204,"cache":"-","time":19,"method":"PUT","uri":"/task/create/example/5"}
{"ts":"2019-02-28 19:43:25.407+0300","ip":"0:0:0:0:0:0:0:1","rid":"noRequestId","status":200,"cache":"-","time":52,"method":"GET","uri":"/task/all"}
{"ts":"2019-02-28 19:48:50.264+0300","ip":"0:0:0:0:0:0:0:1","rid":"noRequestId","status":204,"cache":"-","time":94,"method":"PUT","uri":"/task/create/example/5"}
{"ts":"2019-02-28 19:49:08.256+0300","ip":"0:0:0:0:0:0:0:1","rid":"noRequestId","status":200,"cache":"-","time":115,"method":"GET","uri":"/task/all"}
{"ts":"2019-02-28 21:30:11.336+0300","ip":"0:0:0:0:0:0:0:1","rid":"noRequestId","status":204,"cache":"-","time":8,"method":"PUT","uri":"/task/create/example/5"}
{"ts":"2019-02-28 21:30:13.482+0300","ip":"0:0:0:0:0:0:0:1","rid":"noRequestId","status":200,"cache":"-","time":10,"method":"GET","uri":"/task/all"}
{"ts":"2019-02-28 21:30:50.277+0300","ip":"0:0:0:0:0:0:0:1","rid":"noRequestId","status":204,"cache":"-","time":74,"method":"PUT","uri":"/task/2"}
{"ts":"2019-02-28 21:30:52.989+0300","ip":"0:0:0:0:0:0:0:1","rid":"noRequestId","status":200,"cache":"-","time":8,"method":"GET","uri":"/task/all"}
{"ts":"2019-02-28 21:39:54.579+0300","ip":"0:0:0:0:0:0:0:1","rid":"noRequestId","status":200,"cache":"-","time":87,"method":"GET","uri":"/hello?name=John"}
{"ts":"2019-02-28 21:40:00.474+0300","ip":"0:0:0:0:0:0:0:1","rid":"noRequestId","status":204,"cache":"-","time":11,"method":"PUT","uri":"/task/create/example/5"}
{"ts":"2019-02-28 21:40:03.028+0300","ip":"0:0:0:0:0:0:0:1","rid":"noRequestId","status":200,"cache":"-","time":44,"method":"GET","uri":"/task/all"}
{"ts":"2019-02-28 21:40:06.169+0300","ip":"0:0:0:0:0:0:0:1","rid":"noRequestId","status":204,"cache":"-","time":7,"method":"PUT","uri":"/task/create/example/5"}
{"ts":"2019-02-28 21:40:09.798+0300","ip":"0:0:0:0:0:0:0:1","rid":"noRequestId","status":200,"cache":"-","time":12,"method":"GET","uri":"/task/all"}
{"ts":"2019-02-28 21:40:31.174+0300","ip":"0:0:0:0:0:0:0:1","rid":"noRequestId","status":204,"cache":"-","time":45,"method":"PUT","uri":"/task/2"}
{"ts":"2019-02-28 21:40:32.875+0300","ip":"0:0:0:0:0:0:0:1","rid":"noRequestId","status":200,"cache":"-","time":8,"method":"GET","uri":"/task/all"}
